<?xml version="1.0" encoding="UTF-8"?>
<!-- Generated by org.testng.reporters.JUnitReportReporter -->
<testsuite skipped="0" hostname="DESKTOP-SI8V6HG" name="testng.Groups" tests="3" failures="0" timestamp="13 Aug 2018 02:50:48 GMT" time="0.040" errors="0">
  <testcase name="draft" time="0.026" classname="testng.Groups"/>
  <testcase name="sentitem" time="0.009" classname="testng.Groups"/>
  <testcase name="inbox" time="0.005" classname="testng.Groups"/>
</testsuite> <!-- testng.Groups -->
