<?xml version="1.0" encoding="UTF-8"?>
<!-- Generated by org.testng.reporters.JUnitReportReporter -->
<testsuite skipped="0" hostname="DESKTOP-SI8V6HG" name="Scripts.Invalidlogin" tests="1" failures="0" timestamp="13 Aug 2018 03:45:43 GMT" time="23.681" errors="0">
  <testcase name="invalidtestcase" time="23.681" classname="Scripts.Invalidlogin"/>
</testsuite> <!-- Scripts.Invalidlogin -->
