<?xml version="1.0" encoding="UTF-8"?>
<!-- Generated by org.testng.reporters.JUnitReportReporter -->
<testsuite skipped="0" hostname="DESKTOP-SI8V6HG" name="sample.Facebook" tests="1" failures="0" timestamp="11 Aug 2018 04:07:47 GMT" time="17.730" errors="0">
  <testcase name="loginfb" time="17.730" classname="sample.Facebook"/>
</testsuite> <!-- sample.Facebook -->
