<?xml version="1.0" encoding="UTF-8"?>
<!-- Generated by org.testng.reporters.JUnitReportReporter -->
<testsuite skipped="1" hostname="DESKTOP-SI8V6HG" name="testng.Sample" tests="5" failures="0" timestamp="11 Aug 2018 03:11:01 GMT" time="0.039" errors="0">
  <testcase name="test1" time="0.005" classname="testng.Sample"/>
  <testcase name="test1" time="0.004" classname="testng.Sample"/>
  <testcase name="test1" time="0.027" classname="testng.Sample"/>
  <testcase name="test3" time="0.003" classname="testng.Sample"/>
  <testcase name="test2" classname="testng.Sample">
    <skipped/>
  </testcase> <!-- test2 -->
</testsuite> <!-- testng.Sample -->
