<?xml version="1.0" encoding="UTF-8"?>
<!-- Generated by org.testng.reporters.JUnitReportReporter -->
<testsuite skipped="0" hostname="DESKTOP-SI8V6HG" name="Scripts.Wishlist" tests="1" failures="0" timestamp="13 Aug 2018 03:45:43 GMT" time="29.411" errors="0">
  <testcase name="Wishlisttestcase" time="29.411" classname="Scripts.Wishlist"/>
</testsuite> <!-- Scripts.Wishlist -->
