<?xml version="1.0" encoding="UTF-8"?>
<!-- Generated by org.testng.reporters.JUnitReportReporter -->
<testsuite skipped="0" hostname="DESKTOP-SI8V6HG" name="testng.Facebook" tests="1" failures="0" timestamp="11 Aug 2018 04:17:45 GMT" time="37.910" errors="0">
  <testcase name="loginfb" time="37.910" classname="testng.Facebook"/>
</testsuite> <!-- testng.Facebook -->
